<?xml version="1.0" encoding="UTF-8" ?>
<testsuites>
  <testsuite errors="0" failures="0" hostname="DavidWillis-PC" id="0" name="Asam_masterIntegrationTestTests" package="msigrails" tests="3" time="36.012" timestamp="2014-02-05T16:32:20">
      <properties />

      <testcase classname="msigrails.Asam_masterIntegrationTestTests" name="testSubregion" time="33.25" />

      <testcase classname="msigrails.Asam_masterIntegrationTestTests" name="testSubregionSpecificDate" time="0.969" />

      <testcase classname="msigrails.Asam_masterIntegrationTestTests" name="testSubregionDateRange" time="1.769" />

      <system-out><![CDATA[--Output from testSubregion--
24
--Output from testSubregionSpecificDate--
24
--Output from testSubregionDateRange--
24
]]></system-out>

      <system-err><![CDATA[--Output from testSubregion--
--Output from testSubregionSpecificDate--
--Output from testSubregionDateRange--
]]></system-err>

  </testsuite>
</testsuites>
