<?xml version="1.0" encoding="UTF-8" ?>
<testsuites>
  <testsuite errors="0" failures="0" hostname="HEGEMONY" id="0" name="Asam_masterIntegrationTestTests" package="msigrails" tests="7" time="32.972" timestamp="2014-02-05T18:28:13">
      <properties />

      <testcase classname="msigrails.Asam_masterIntegrationTestTests" name="testAllDesc" time="16.045" />

      <testcase classname="msigrails.Asam_masterIntegrationTestTests" name="testAllAsc" time="15.068" />

      <testcase classname="msigrails.Asam_masterIntegrationTestTests" name="testSubregionSpecificDate" time="0.038" />

      <testcase classname="msigrails.Asam_masterIntegrationTestTests" name="testSubregionDateAsc" time="0.837" />

      <testcase classname="msigrails.Asam_masterIntegrationTestTests" name="testSubregionDateDesc" time="0.81" />

      <testcase classname="msigrails.Asam_masterIntegrationTestTests" name="testSubregionDateRangeDateDesc" time="0.057" />

      <testcase classname="msigrails.Asam_masterIntegrationTestTests" name="testSubregionDateRangeDateAsc" time="0.081" />

      <system-out><![CDATA[--Output from testAllDesc--
null
--Output from testAllAsc--
null
--Output from testSubregionSpecificDate--
24
--Output from testSubregionDateAsc--
24
--Output from testSubregionDateDesc--
24
--Output from testSubregionDateRangeDateDesc--
24
--Output from testSubregionDateRangeDateAsc--
24
]]></system-out>

      <system-err><![CDATA[--Output from testAllDesc--
--Output from testAllAsc--
--Output from testSubregionSpecificDate--
--Output from testSubregionDateAsc--
--Output from testSubregionDateDesc--
--Output from testSubregionDateRangeDateDesc--
--Output from testSubregionDateRangeDateAsc--
]]></system-err>

  </testsuite>
</testsuites>
